\BOOKMARK [0][-]{chapter.1}{Introduction}{}% 1
\BOOKMARK [0][-]{chapter.2}{Background}{}% 2
\BOOKMARK [1][-]{section.2.1}{Biological Neural Networks}{chapter.2}% 3
\BOOKMARK [2][-]{subsection.2.1.1}{Neuron Behavior}{section.2.1}% 4
\BOOKMARK [2][-]{subsection.2.1.2}{Extracting Data}{section.2.1}% 5
\BOOKMARK [1][-]{section.2.2}{Graphs}{chapter.2}% 6
\BOOKMARK [2][-]{subsection.2.2.1}{Graph Structures in Biological Neural Networks}{section.2.2}% 7
\BOOKMARK [1][-]{section.2.3}{Artificial Neural Networks}{chapter.2}% 8
\BOOKMARK [2][-]{subsection.2.3.1}{Feedforward Network Operation}{section.2.3}% 9
\BOOKMARK [2][-]{subsection.2.3.2}{Convolutional Neural Networks}{section.2.3}% 10
\BOOKMARK [1][-]{section.2.4}{Graph Adjacency}{chapter.2}% 11
\BOOKMARK [1][-]{section.2.5}{General Operations}{chapter.2}% 12
\BOOKMARK [2][-]{subsection.2.5.1}{Adjacency Matrices}{section.2.5}% 13
\BOOKMARK [0][-]{chapter.3}{Model}{}% 14
\BOOKMARK [1][-]{section.3.1}{Data}{chapter.3}% 15
\BOOKMARK [2][-]{subsection.3.1.1}{Generation}{section.3.1}% 16
\BOOKMARK [2][-]{subsection.3.1.2}{Restructuring}{section.3.1}% 17
\BOOKMARK [2][-]{subsection.3.1.3}{Generalizability}{section.3.1}% 18
\BOOKMARK [1][-]{section.3.2}{Architecture}{chapter.3}% 19
\BOOKMARK [2][-]{subsection.3.2.1}{Structure \046 Computation Details}{section.3.2}% 20
\BOOKMARK [2][-]{subsection.3.2.2}{Conceptual Model}{section.3.2}% 21
\BOOKMARK [2][-]{subsection.3.2.3}{Matrix Model}{section.3.2}% 22
\BOOKMARK [2][-]{subsection.3.2.4}{Benchmark Model}{section.3.2}% 23
\BOOKMARK [2][-]{subsection.3.2.5}{n-independence}{section.3.2}% 24
\BOOKMARK [0][-]{chapter.4}{Training}{}% 25
\BOOKMARK [1][-]{section.4.1}{Activation Functions}{chapter.4}% 26
\BOOKMARK [2][-]{subsection.4.1.1}{Initial \046 Convolutional Layers}{section.4.1}% 27
\BOOKMARK [2][-]{subsection.4.1.2}{Final Layer}{section.4.1}% 28
\BOOKMARK [1][-]{section.4.2}{Loss \046 Optimization}{chapter.4}% 29
\BOOKMARK [2][-]{subsection.4.2.1}{Loss Function}{section.4.2}% 30
\BOOKMARK [2][-]{subsection.4.2.2}{Optimizer Function}{section.4.2}% 31
\BOOKMARK [1][-]{section.4.3}{Datasets}{chapter.4}% 32
\BOOKMARK [1][-]{section.4.4}{Matrices}{chapter.4}% 33
\BOOKMARK [2][-]{subsection.4.4.1}{Initialization}{section.4.4}% 34
\BOOKMARK [2][-]{subsection.4.4.2}{Locality Layer Operations}{section.4.4}% 35
\BOOKMARK [1][-]{section.4.5}{Hyperparameter Optimization}{chapter.4}% 36
\BOOKMARK [2][-]{subsection.4.5.1}{Batch Size}{section.4.5}% 37
\BOOKMARK [0][-]{chapter.5}{Results}{}% 38
\BOOKMARK [1][-]{section.5.1}{Overfitting}{chapter.5}% 39
\BOOKMARK [2][-]{subsection.5.1.1}{Empty Data}{section.5.1}% 40
\BOOKMARK [2][-]{subsection.5.1.2}{Random Data}{section.5.1}% 41
\BOOKMARK [2][-]{subsection.5.1.3}{Analysis}{section.5.1}% 42
\BOOKMARK [1][-]{section.5.2}{3-neuron generator}{chapter.5}% 43
\BOOKMARK [2][-]{subsection.5.2.1}{Example Model}{section.5.2}% 44
\BOOKMARK [2][-]{subsection.5.2.2}{Trained Network Operation}{section.5.2}% 45
\BOOKMARK [1][-]{section.5.3}{Higher-order Datasets}{chapter.5}% 46
\BOOKMARK [1][-]{section.5.4}{Applicability Beyond Training Data}{chapter.5}% 47
\BOOKMARK [2][-]{subsection.5.4.1}{Inverted Network}{section.5.4}% 48
\BOOKMARK [2][-]{subsection.5.4.2}{Cyclical Network}{section.5.4}% 49
\BOOKMARK [0][-]{chapter.6}{Discussion}{}% 50
\BOOKMARK [1][-]{section.6.1}{Data}{chapter.6}% 51
\BOOKMARK [2][-]{subsection.6.1.1}{Complex Neurons}{section.6.1}% 52
\BOOKMARK [2][-]{subsection.6.1.2}{Larger, Structured Networks}{section.6.1}% 53
\BOOKMARK [1][-]{section.6.2}{Potential Improvements to Locality}{chapter.6}% 54
\BOOKMARK [2][-]{subsection.6.2.1}{Layering}{section.6.2}% 55
\BOOKMARK [2][-]{subsection.6.2.2}{Algorithm}{section.6.2}% 56
\BOOKMARK [2][-]{subsection.6.2.3}{Loss}{section.6.2}% 57
\BOOKMARK [2][-]{subsection.6.2.4}{Optimizer}{section.6.2}% 58
\BOOKMARK [1][-]{section.6.3}{Potential Applications/Further Development}{chapter.6}% 59
\BOOKMARK [0][-]{Appendix.a.A}{Parameter Optimization Miscellanea}{}% 60
\BOOKMARK [1][-]{section.a.A.1}{Data}{Appendix.a.A}% 61
\BOOKMARK [2][-]{subsection.a.A.1.1}{Spike Rate Determination}{section.a.A.1}% 62
\BOOKMARK [0][-]{Appendix.a.B}{Model}{}% 63
\BOOKMARK [1][-]{section.a.B.1}{Batched Architecture Calculations}{Appendix.a.B}% 64
